[ 2016-12-06T01:37:35+08:00 ] ::1 /onlineshop1.0/index.php/Home/Index/register
INFO: [ app_init ] --START--
INFO: Run Behavior\BuildLiteBehavior [ RunTime:0.000016s ]
INFO: [ app_init ] --END-- [ RunTime:0.000611s ]
INFO: [ app_begin ] --START--
INFO: Run Behavior\ReadHtmlCacheBehavior [ RunTime:0.000725s ]
INFO: [ app_begin ] --END-- [ RunTime:0.000783s ]
SQL: SHOW COLUMNS FROM `think_user` [ RunTime:0.0058s ]
SQL: SELECT * FROM `think_user` WHERE `user_id` = '1234' LIMIT 1   [ RunTime:0.0003s ]
NOTIC: [2] Invalid argument supplied for foreach() F:\xampp\htdocs\OnlineShop1.0\ThinkPHP\Library\Think\Db\Driver.class.php 第 504 行.
ERR: 1062:Duplicate entry 'jiangmaoran' for key 'PRIMARY'
 [ SQL语句 ] : UPDATE `think_user` SET `user_id`='jiangmaoran',`user_realname`='1234',`user_sex`='male',`user_tel`='18813297894',`user_email`='1015212746@qq.com',`user_address`='中国广州',`user_password`='202cb962ac59075b964b07152d234b70'
ERR: 1062:Duplicate entry 'jiangmaoran' for key 'PRIMARY'
 [ SQL语句 ] : UPDATE `think_user` SET `user_id`='jiangmaoran',`user_realname`='1234',`user_sex`='male',`user_tel`='18813297894',`user_email`='1015212746@qq.com',`user_address`='中国广州',`user_password`='202cb962ac59075b964b07152d234b70'

[ 2016-12-06T01:37:41+08:00 ] ::1 /onlineshop1.0/index.php/Home/Index/register
INFO: [ app_init ] --START--
INFO: Run Behavior\BuildLiteBehavior [ RunTime:0.000059s ]
INFO: [ app_init ] --END-- [ RunTime:0.000805s ]
INFO: [ app_begin ] --START--
INFO: Run Behavior\ReadHtmlCacheBehavior [ RunTime:0.001236s ]
INFO: [ app_begin ] --END-- [ RunTime:0.001342s ]
SQL: SHOW COLUMNS FROM `think_user` [ RunTime:0.0230s ]
SQL: SELECT * FROM `think_user` WHERE `user_id` = '1234' LIMIT 1   [ RunTime:0.0003s ]
NOTIC: [2] Invalid argument supplied for foreach() F:\xampp\htdocs\OnlineShop1.0\ThinkPHP\Library\Think\Db\Driver.class.php 第 504 行.
ERR: 1062:Duplicate entry 'jiangmaoran' for key 'PRIMARY'
 [ SQL语句 ] : UPDATE `think_user` SET `user_id`='jiangmaoran',`user_realname`='1234',`user_sex`='male',`user_tel`='18813297894',`user_email`='1015212746@qq.com',`user_address`='中国广州',`user_password`='202cb962ac59075b964b07152d234b70'
ERR: 1062:Duplicate entry 'jiangmaoran' for key 'PRIMARY'
 [ SQL语句 ] : UPDATE `think_user` SET `user_id`='jiangmaoran',`user_realname`='1234',`user_sex`='male',`user_tel`='18813297894',`user_email`='1015212746@qq.com',`user_address`='中国广州',`user_password`='202cb962ac59075b964b07152d234b70'

[ 2016-12-06T01:37:48+08:00 ] ::1 /onlineshop1.0/index.php/Home/Index/register
INFO: [ app_init ] --START--
INFO: Run Behavior\BuildLiteBehavior [ RunTime:0.000011s ]
INFO: [ app_init ] --END-- [ RunTime:0.000440s ]
INFO: [ app_begin ] --START--
INFO: Run Behavior\ReadHtmlCacheBehavior [ RunTime:0.000607s ]
INFO: [ app_begin ] --END-- [ RunTime:0.000652s ]
SQL: SHOW COLUMNS FROM `think_user` [ RunTime:0.0060s ]
SQL: SELECT * FROM `think_user` WHERE `user_id` = '1234' LIMIT 1   [ RunTime:0.0003s ]
NOTIC: [2] Invalid argument supplied for foreach() F:\xampp\htdocs\OnlineShop1.0\ThinkPHP\Library\Think\Db\Driver.class.php 第 504 行.
ERR: 1062:Duplicate entry 'jiangmaoran' for key 'PRIMARY'
 [ SQL语句 ] : UPDATE `think_user` SET `user_id`='jiangmaoran',`user_realname`='1234',`user_sex`='male',`user_tel`='18813297894',`user_email`='1015212746@qq.com',`user_address`='中国广州',`user_password`='202cb962ac59075b964b07152d234b70'
ERR: 1062:Duplicate entry 'jiangmaoran' for key 'PRIMARY'
 [ SQL语句 ] : UPDATE `think_user` SET `user_id`='jiangmaoran',`user_realname`='1234',`user_sex`='male',`user_tel`='18813297894',`user_email`='1015212746@qq.com',`user_address`='中国广州',`user_password`='202cb962ac59075b964b07152d234b70'

[ 2016-12-06T01:38:13+08:00 ] ::1 /onlineshop1.0/index.php/Home/Index/register
INFO: [ app_init ] --START--
INFO: Run Behavior\BuildLiteBehavior [ RunTime:0.000011s ]
INFO: [ app_init ] --END-- [ RunTime:0.000488s ]
INFO: [ app_begin ] --START--
INFO: Run Behavior\ReadHtmlCacheBehavior [ RunTime:0.000693s ]
INFO: [ app_begin ] --END-- [ RunTime:0.000734s ]
SQL: SHOW COLUMNS FROM `think_user` [ RunTime:0.0185s ]
SQL: SELECT * FROM `think_user` WHERE `user_id` = '1234' LIMIT 1   [ RunTime:0.0003s ]
NOTIC: [2] Invalid argument supplied for foreach() F:\xampp\htdocs\OnlineShop1.0\ThinkPHP\Library\Think\Db\Driver.class.php 第 504 行.
ERR: 1062:Duplicate entry 'jiang' for key 'PRIMARY'
 [ SQL语句 ] : UPDATE `think_user` SET `user_id`='jiang',`user_realname`='1234',`user_sex`='male',`user_tel`='18813297894',`user_email`='1015212746@qq.com',`user_address`='中国广州',`user_password`='202cb962ac59075b964b07152d234b70'
ERR: 1062:Duplicate entry 'jiang' for key 'PRIMARY'
 [ SQL语句 ] : UPDATE `think_user` SET `user_id`='jiang',`user_realname`='1234',`user_sex`='male',`user_tel`='18813297894',`user_email`='1015212746@qq.com',`user_address`='中国广州',`user_password`='202cb962ac59075b964b07152d234b70'

[ 2016-12-06T01:40:04+08:00 ] ::1 /onlineshop1.0/index.php/Home/Index/register
INFO: [ app_init ] --START--
INFO: Run Behavior\BuildLiteBehavior [ RunTime:0.000011s ]
INFO: [ app_init ] --END-- [ RunTime:0.000442s ]
INFO: [ app_begin ] --START--
INFO: Run Behavior\ReadHtmlCacheBehavior [ RunTime:0.000684s ]
INFO: [ app_begin ] --END-- [ RunTime:0.000738s ]
SQL: SHOW COLUMNS FROM `think_user` [ RunTime:0.0061s ]
NOTIC: [2] Invalid argument supplied for foreach() F:\xampp\htdocs\OnlineShop1.0\ThinkPHP\Library\Think\Db\Driver.class.php 第 504 行.
ERR: 1062:Duplicate entry 'jiang' for key 'PRIMARY'
 [ SQL语句 ] : UPDATE `think_user` SET `user_id`='jiang',`user_realname`='1234',`user_sex`='male',`user_tel`='18813297894',`user_email`='1015212746@qq.com',`user_address`='中国广州',`user_password`='202cb962ac59075b964b07152d234b70'
ERR: 1062:Duplicate entry 'jiang' for key 'PRIMARY'
 [ SQL语句 ] : UPDATE `think_user` SET `user_id`='jiang',`user_realname`='1234',`user_sex`='male',`user_tel`='18813297894',`user_email`='1015212746@qq.com',`user_address`='中国广州',`user_password`='202cb962ac59075b964b07152d234b70'

[ 2016-12-06T01:42:57+08:00 ] ::1 /onlineshop1.0/index.php/Home/Index/register
INFO: [ app_init ] --START--
INFO: Run Behavior\BuildLiteBehavior [ RunTime:0.000021s ]
INFO: [ app_init ] --END-- [ RunTime:0.008949s ]
INFO: [ app_begin ] --START--
INFO: Run Behavior\ReadHtmlCacheBehavior [ RunTime:0.009283s ]
INFO: [ app_begin ] --END-- [ RunTime:0.009360s ]
SQL: SHOW COLUMNS FROM `think_user` [ RunTime:0.0058s ]
SQL: INSERT INTO `think_user` (`user_id`,`user_realname`,`user_sex`,`user_tel`,`user_email`,`user_address`,`user_password`) VALUES ('jiang','1234','male','18813297894','1015212746@qq.com','中国广州','202cb962ac59075b964b07152d234b70') [ RunTime:0.0535s ]

[ 2016-12-06T01:43:53+08:00 ] ::1 /onlineshop1.0/index.php/Home/Index/register
INFO: [ app_init ] --START--
INFO: Run Behavior\BuildLiteBehavior [ RunTime:0.000013s ]
INFO: [ app_init ] --END-- [ RunTime:0.008616s ]
INFO: [ app_begin ] --START--
INFO: Run Behavior\ReadHtmlCacheBehavior [ RunTime:0.010359s ]
INFO: [ app_begin ] --END-- [ RunTime:0.010416s ]
SQL: SHOW COLUMNS FROM `think_user` [ RunTime:0.0056s ]
SQL: SELECT * FROM `think_user` WHERE `user_id` = '1234' LIMIT 1   [ RunTime:0.0003s ]
NOTIC: [2] Invalid argument supplied for foreach() F:\xampp\htdocs\OnlineShop1.0\ThinkPHP\Library\Think\Db\Driver.class.php 第 504 行.
ERR: 1062:Duplicate entry 'xiao' for key 'PRIMARY'
 [ SQL语句 ] : UPDATE `think_user` SET `user_id`='xiao',`user_realname`='1234',`user_sex`='male',`user_tel`='18813297894',`user_email`='1015212746@qq.com',`user_address`='中国广州',`user_password`='202cb962ac59075b964b07152d234b70'
ERR: 1062:Duplicate entry 'xiao' for key 'PRIMARY'
 [ SQL语句 ] : UPDATE `think_user` SET `user_id`='xiao',`user_realname`='1234',`user_sex`='male',`user_tel`='18813297894',`user_email`='1015212746@qq.com',`user_address`='中国广州',`user_password`='202cb962ac59075b964b07152d234b70'

[ 2016-12-06T01:44:17+08:00 ] ::1 /onlineshop1.0/index.php/Home/Index/register
INFO: [ app_init ] --START--
INFO: Run Behavior\BuildLiteBehavior [ RunTime:0.000010s ]
INFO: [ app_init ] --END-- [ RunTime:0.000494s ]
INFO: [ app_begin ] --START--
INFO: Run Behavior\ReadHtmlCacheBehavior [ RunTime:0.000622s ]
INFO: [ app_begin ] --END-- [ RunTime:0.000662s ]
SQL: SHOW COLUMNS FROM `think_user` [ RunTime:0.0061s ]
SQL: SELECT * FROM `think_user` WHERE `user_id` = '1234' LIMIT 1   [ RunTime:0.0003s ]
SQL: INSERT INTO `think_user` (`user_id`,`user_realname`,`user_sex`,`user_tel`,`user_email`,`user_address`,`user_password`) VALUES ('xiao','1234','male','18813297894','1015212746@qq.com','中国广州','202cb962ac59075b964b07152d234b70') [ RunTime:0.1397s ]
INFO: [ view_parse ] --START--
INFO: [ template_filter ] --START--
INFO: Run Behavior\ContentReplaceBehavior [ RunTime:0.000036s ]
INFO: [ template_filter ] --END-- [ RunTime:0.000082s ]
INFO: Run Behavior\ParseTemplateBehavior [ RunTime:0.106709s ]
INFO: [ view_parse ] --END-- [ RunTime:0.106759s ]
INFO: [ view_filter ] --START--
INFO: Run Behavior\WriteHtmlCacheBehavior [ RunTime:0.010490s ]
INFO: [ view_filter ] --END-- [ RunTime:0.010548s ]
INFO: [ app_end ] --START--
INFO: Run Behavior\ShowPageTraceBehavior [ RunTime:0.013026s ]
INFO: [ app_end ] --END-- [ RunTime:0.013091s ]

[ 2016-12-06T01:44:17+08:00 ] ::1 /onlineshop1.0/index.php/Home/Index/scripts/function.js
INFO: [ app_init ] --START--
INFO: Run Behavior\BuildLiteBehavior [ RunTime:0.000017s ]
INFO: [ app_init ] --END-- [ RunTime:0.000622s ]
INFO: [ app_begin ] --START--
INFO: Run Behavior\ReadHtmlCacheBehavior [ RunTime:0.000949s ]
INFO: [ app_begin ] --END-- [ RunTime:0.001027s ]
ERR: 非法操作:scripts

[ 2016-12-06T01:44:17+08:00 ] ::1 /onlineshop1.0/index.php/Home/Index/images/logo.gif
INFO: [ app_init ] --START--
INFO: Run Behavior\BuildLiteBehavior [ RunTime:0.000046s ]
INFO: [ app_init ] --END-- [ RunTime:0.000616s ]

[ 2016-12-06T01:44:17+08:00 ] ::1 /onlineshop1.0/index.php/Home/Index/css/style.css
INFO: [ app_init ] --START--
INFO: Run Behavior\BuildLiteBehavior [ RunTime:0.000013s ]
INFO: [ app_init ] --END-- [ RunTime:0.000615s ]
INFO: [ app_begin ] --START--
INFO: Run Behavior\ReadHtmlCacheBehavior [ RunTime:0.002519s ]
INFO: [ app_begin ] --END-- [ RunTime:0.002605s ]
ERR: 非法操作:css

[ 2016-12-06T01:44:17+08:00 ] ::1 /onlineshop1.0/index.php/Home/Index/images/logo.gif
INFO: [ app_init ] --START--
INFO: Run Behavior\BuildLiteBehavior [ RunTime:0.000019s ]
INFO: [ app_init ] --END-- [ RunTime:0.001568s ]

[ 2016-12-06T01:44:21+08:00 ] ::1 /onlineshop1.0/index.php/Home/Index/index.html
INFO: [ app_init ] --START--
INFO: Run Behavior\BuildLiteBehavior [ RunTime:0.000011s ]
INFO: [ app_init ] --END-- [ RunTime:0.000480s ]
INFO: [ app_begin ] --START--
INFO: Run Behavior\ReadHtmlCacheBehavior [ RunTime:0.000951s ]
INFO: [ app_begin ] --END-- [ RunTime:0.001120s ]
NOTIC: [8] Use of undefined constant register - assumed 'register' F:\xampp\htdocs\OnlineShop1.0\User\Home\Controller\IndexController.class.php 第 6 行.
INFO: [ view_parse ] --START--
INFO: [ template_filter ] --START--
INFO: Run Behavior\ContentReplaceBehavior [ RunTime:0.000044s ]
INFO: [ template_filter ] --END-- [ RunTime:0.000093s ]
INFO: Run Behavior\ParseTemplateBehavior [ RunTime:0.057857s ]
INFO: [ view_parse ] --END-- [ RunTime:0.057908s ]
INFO: [ view_filter ] --START--
INFO: Run Behavior\WriteHtmlCacheBehavior [ RunTime:0.000576s ]
INFO: [ view_filter ] --END-- [ RunTime:0.000615s ]
INFO: [ app_end ] --START--
INFO: Run Behavior\ShowPageTraceBehavior [ RunTime:0.000807s ]
INFO: [ app_end ] --END-- [ RunTime:0.000861s ]

[ 2016-12-06T01:48:01+08:00 ] ::1 /onlineshop1.0/index.php/Home/Index/register
INFO: [ app_init ] --START--
INFO: Run Behavior\BuildLiteBehavior [ RunTime:0.000010s ]
INFO: [ app_init ] --END-- [ RunTime:0.000496s ]
INFO: [ app_begin ] --START--
INFO: Run Behavior\ReadHtmlCacheBehavior [ RunTime:0.000691s ]
INFO: [ app_begin ] --END-- [ RunTime:0.000745s ]
SQL: SHOW COLUMNS FROM `think_user` [ RunTime:0.0147s ]
SQL: SELECT * FROM `think_user` WHERE `user_id` = 'asl' LIMIT 1   [ RunTime:0.0003s ]
ERR: 1062:Duplicate entry 'xiao' for key 'PRIMARY'
 [ SQL语句 ] : INSERT INTO `think_user` (`user_id`,`user_realname`,`user_sex`,`user_tel`,`user_email`,`user_address`,`user_password`) VALUES ('xiao','asl','jla','kl','654','lkj','c20ad4d76fe97759aa27a0c99bff6710')
ERR: 1062:Duplicate entry 'xiao' for key 'PRIMARY'
 [ SQL语句 ] : INSERT INTO `think_user` (`user_id`,`user_realname`,`user_sex`,`user_tel`,`user_email`,`user_address`,`user_password`) VALUES ('xiao','asl','jla','kl','654','lkj','c20ad4d76fe97759aa27a0c99bff6710')

[ 2016-12-06T01:49:23+08:00 ] ::1 /onlineshop1.0/index.php/Home/Index/register
INFO: [ app_init ] --START--
INFO: Run Behavior\BuildLiteBehavior [ RunTime:0.000010s ]
INFO: [ app_init ] --END-- [ RunTime:0.000453s ]
INFO: [ app_begin ] --START--
INFO: Run Behavior\ReadHtmlCacheBehavior [ RunTime:0.000585s ]
INFO: [ app_begin ] --END-- [ RunTime:0.000624s ]
SQL: SHOW COLUMNS FROM `think_user` [ RunTime:0.0054s ]
SQL: SELECT * FROM `think_user` WHERE `user_id` = 'xiao' LIMIT 1   [ RunTime:0.0004s ]
INFO: [ view_parse ] --START--
INFO: [ template_filter ] --START--
INFO: Run Behavior\ContentReplaceBehavior [ RunTime:0.000043s ]
INFO: [ template_filter ] --END-- [ RunTime:0.000086s ]
INFO: Run Behavior\ParseTemplateBehavior [ RunTime:0.058252s ]
INFO: [ view_parse ] --END-- [ RunTime:0.058297s ]
INFO: [ view_filter ] --START--
INFO: Run Behavior\WriteHtmlCacheBehavior [ RunTime:0.000579s ]
INFO: [ view_filter ] --END-- [ RunTime:0.000657s ]
INFO: [ app_end ] --START--
INFO: Run Behavior\ShowPageTraceBehavior [ RunTime:0.000771s ]
INFO: [ app_end ] --END-- [ RunTime:0.000824s ]

[ 2016-12-06T01:51:46+08:00 ] ::1 /onlineshop1.0/index.php/Home/Index/reg_result.html
INFO: [ app_init ] --START--
INFO: Run Behavior\BuildLiteBehavior [ RunTime:0.000010s ]
INFO: [ app_init ] --END-- [ RunTime:0.000502s ]
INFO: [ app_begin ] --START--
INFO: Run Behavior\ReadHtmlCacheBehavior [ RunTime:0.000726s ]
INFO: [ app_begin ] --END-- [ RunTime:0.000768s ]
INFO: [ view_parse ] --START--
INFO: [ template_filter ] --START--
INFO: Run Behavior\ContentReplaceBehavior [ RunTime:0.000121s ]
INFO: [ template_filter ] --END-- [ RunTime:0.000277s ]
INFO: Run Behavior\ParseTemplateBehavior [ RunTime:0.007696s ]
INFO: [ view_parse ] --END-- [ RunTime:0.007747s ]
INFO: [ view_filter ] --START--
INFO: Run Behavior\WriteHtmlCacheBehavior [ RunTime:0.000484s ]
INFO: [ view_filter ] --END-- [ RunTime:0.000513s ]
INFO: [ app_end ] --START--
INFO: Run Behavior\ShowPageTraceBehavior [ RunTime:0.000603s ]
INFO: [ app_end ] --END-- [ RunTime:0.000635s ]

[ 2016-12-06T01:51:46+08:00 ] ::1 /onlineshop1.0/index.php/Home/Index/images/logo.gif
INFO: [ app_init ] --START--
INFO: Run Behavior\BuildLiteBehavior [ RunTime:0.000017s ]
INFO: [ app_init ] --END-- [ RunTime:0.000689s ]

[ 2016-12-06T01:51:49+08:00 ] ::1 /onlineshop1.0/index.php/Home/Index/index.html
INFO: [ app_init ] --START--
INFO: Run Behavior\BuildLiteBehavior [ RunTime:0.000012s ]
INFO: [ app_init ] --END-- [ RunTime:0.000474s ]
INFO: [ app_begin ] --START--
INFO: Run Behavior\ReadHtmlCacheBehavior [ RunTime:0.000742s ]
INFO: [ app_begin ] --END-- [ RunTime:0.000791s ]
NOTIC: [8] Use of undefined constant register - assumed 'register' F:\xampp\htdocs\OnlineShop1.0\User\Home\Controller\IndexController.class.php 第 6 行.
INFO: [ view_parse ] --START--
INFO: [ template_filter ] --START--
INFO: Run Behavior\ContentReplaceBehavior [ RunTime:0.000038s ]
INFO: [ template_filter ] --END-- [ RunTime:0.000082s ]
INFO: Run Behavior\ParseTemplateBehavior [ RunTime:0.006604s ]
INFO: [ view_parse ] --END-- [ RunTime:0.006661s ]
INFO: [ view_filter ] --START--
INFO: Run Behavior\WriteHtmlCacheBehavior [ RunTime:0.000551s ]
INFO: [ view_filter ] --END-- [ RunTime:0.000588s ]
INFO: [ app_end ] --START--
INFO: Run Behavior\ShowPageTraceBehavior [ RunTime:0.000695s ]
INFO: [ app_end ] --END-- [ RunTime:0.000732s ]

[ 2016-12-06T01:51:55+08:00 ] ::1 /onlineshop1.0/index.php/Home/Index/index.html
INFO: [ app_init ] --START--
INFO: Run Behavior\BuildLiteBehavior [ RunTime:0.000011s ]
INFO: [ app_init ] --END-- [ RunTime:0.000405s ]
INFO: [ app_begin ] --START--
INFO: Run Behavior\ReadHtmlCacheBehavior [ RunTime:0.001166s ]
INFO: [ app_begin ] --END-- [ RunTime:0.001239s ]
NOTIC: [8] Use of undefined constant register - assumed 'register' F:\xampp\htdocs\OnlineShop1.0\User\Home\Controller\IndexController.class.php 第 6 行.
INFO: [ view_parse ] --START--
INFO: [ template_filter ] --START--
INFO: Run Behavior\ContentReplaceBehavior [ RunTime:0.000055s ]
INFO: [ template_filter ] --END-- [ RunTime:0.000109s ]
INFO: Run Behavior\ParseTemplateBehavior [ RunTime:0.007044s ]
INFO: [ view_parse ] --END-- [ RunTime:0.007118s ]
INFO: [ view_filter ] --START--
INFO: Run Behavior\WriteHtmlCacheBehavior [ RunTime:0.000567s ]
INFO: [ view_filter ] --END-- [ RunTime:0.000597s ]
INFO: [ app_end ] --START--
INFO: Run Behavior\ShowPageTraceBehavior [ RunTime:0.000727s ]
INFO: [ app_end ] --END-- [ RunTime:0.000774s ]

[ 2016-12-06T01:52:56+08:00 ] ::1 /onlineshop1.0/index.php/Home/Index/reg_result.html
INFO: [ app_init ] --START--
INFO: Run Behavior\BuildLiteBehavior [ RunTime:0.000010s ]
INFO: [ app_init ] --END-- [ RunTime:0.000428s ]
INFO: [ app_begin ] --START--
INFO: Run Behavior\ReadHtmlCacheBehavior [ RunTime:0.000698s ]
INFO: [ app_begin ] --END-- [ RunTime:0.000738s ]
INFO: [ view_parse ] --START--
INFO: [ template_filter ] --START--
INFO: Run Behavior\ContentReplaceBehavior [ RunTime:0.000036s ]
INFO: [ template_filter ] --END-- [ RunTime:0.000095s ]
INFO: Run Behavior\ParseTemplateBehavior [ RunTime:0.007755s ]
INFO: [ view_parse ] --END-- [ RunTime:0.007807s ]
INFO: [ view_filter ] --START--
INFO: Run Behavior\WriteHtmlCacheBehavior [ RunTime:0.000559s ]
INFO: [ view_filter ] --END-- [ RunTime:0.000588s ]
INFO: [ app_end ] --START--
INFO: Run Behavior\ShowPageTraceBehavior [ RunTime:0.000748s ]
INFO: [ app_end ] --END-- [ RunTime:0.000780s ]

[ 2016-12-06T01:52:58+08:00 ] ::1 /onlineshop1.0/index.php/Home/Index/reg_result.html
INFO: [ app_init ] --START--
INFO: Run Behavior\BuildLiteBehavior [ RunTime:0.000019s ]
INFO: [ app_init ] --END-- [ RunTime:0.000657s ]
INFO: [ app_begin ] --START--
INFO: Run Behavior\ReadHtmlCacheBehavior [ RunTime:0.000821s ]
INFO: [ app_begin ] --END-- [ RunTime:0.000888s ]
INFO: [ view_parse ] --START--
INFO: [ template_filter ] --START--
INFO: Run Behavior\ContentReplaceBehavior [ RunTime:0.000050s ]
INFO: [ template_filter ] --END-- [ RunTime:0.000101s ]
INFO: Run Behavior\ParseTemplateBehavior [ RunTime:0.009684s ]
INFO: [ view_parse ] --END-- [ RunTime:0.009765s ]
INFO: [ view_filter ] --START--
INFO: Run Behavior\WriteHtmlCacheBehavior [ RunTime:0.000669s ]
INFO: [ view_filter ] --END-- [ RunTime:0.000724s ]
INFO: [ app_end ] --START--
INFO: Run Behavior\ShowPageTraceBehavior [ RunTime:0.000976s ]
INFO: [ app_end ] --END-- [ RunTime:0.001046s ]

[ 2016-12-06T01:53:01+08:00 ] ::1 /onlineshop1.0/index.php/Home/Index/index.html
INFO: [ app_init ] --START--
INFO: Run Behavior\BuildLiteBehavior [ RunTime:0.000013s ]
INFO: [ app_init ] --END-- [ RunTime:0.000438s ]
INFO: [ app_begin ] --START--
INFO: Run Behavior\ReadHtmlCacheBehavior [ RunTime:0.000727s ]
INFO: [ app_begin ] --END-- [ RunTime:0.000792s ]
NOTIC: [8] Use of undefined constant register - assumed 'register' F:\xampp\htdocs\OnlineShop1.0\User\Home\Controller\IndexController.class.php 第 6 行.
INFO: [ view_parse ] --START--
INFO: [ template_filter ] --START--
INFO: Run Behavior\ContentReplaceBehavior [ RunTime:0.000040s ]
INFO: [ template_filter ] --END-- [ RunTime:0.000086s ]
INFO: Run Behavior\ParseTemplateBehavior [ RunTime:0.006433s ]
INFO: [ view_parse ] --END-- [ RunTime:0.006483s ]
INFO: [ view_filter ] --START--
INFO: Run Behavior\WriteHtmlCacheBehavior [ RunTime:0.000659s ]
INFO: [ view_filter ] --END-- [ RunTime:0.000693s ]
INFO: [ app_end ] --START--
INFO: Run Behavior\ShowPageTraceBehavior [ RunTime:0.000655s ]
INFO: [ app_end ] --END-- [ RunTime:0.000687s ]

[ 2016-12-06T01:53:34+08:00 ] ::1 /onlineshop1.0/index.php/Home/Index/reg_result.html
INFO: [ app_init ] --START--
INFO: Run Behavior\BuildLiteBehavior [ RunTime:0.000011s ]
INFO: [ app_init ] --END-- [ RunTime:0.000460s ]
INFO: [ app_begin ] --START--
INFO: Run Behavior\ReadHtmlCacheBehavior [ RunTime:0.000617s ]
INFO: [ app_begin ] --END-- [ RunTime:0.000654s ]
INFO: [ view_parse ] --START--
INFO: [ template_filter ] --START--
INFO: Run Behavior\ContentReplaceBehavior [ RunTime:0.000033s ]
INFO: [ template_filter ] --END-- [ RunTime:0.000078s ]
INFO: Run Behavior\ParseTemplateBehavior [ RunTime:0.007535s ]
INFO: [ view_parse ] --END-- [ RunTime:0.007586s ]
INFO: [ view_filter ] --START--
INFO: Run Behavior\WriteHtmlCacheBehavior [ RunTime:0.000543s ]
INFO: [ view_filter ] --END-- [ RunTime:0.000585s ]
INFO: [ app_end ] --START--
INFO: Run Behavior\ShowPageTraceBehavior [ RunTime:0.000676s ]
INFO: [ app_end ] --END-- [ RunTime:0.000713s ]

[ 2016-12-06T01:53:37+08:00 ] ::1 /onlineshop1.0/index.php/Home/Index/index.html
INFO: [ app_init ] --START--
INFO: Run Behavior\BuildLiteBehavior [ RunTime:0.000010s ]
INFO: [ app_init ] --END-- [ RunTime:0.000439s ]
INFO: [ app_begin ] --START--
INFO: Run Behavior\ReadHtmlCacheBehavior [ RunTime:0.000970s ]
INFO: [ app_begin ] --END-- [ RunTime:0.001017s ]
NOTIC: [8] Use of undefined constant register - assumed 'register' F:\xampp\htdocs\OnlineShop1.0\User\Home\Controller\IndexController.class.php 第 6 行.
INFO: [ view_parse ] --START--
INFO: [ template_filter ] --START--
INFO: Run Behavior\ContentReplaceBehavior [ RunTime:0.000040s ]
INFO: [ template_filter ] --END-- [ RunTime:0.000088s ]
INFO: Run Behavior\ParseTemplateBehavior [ RunTime:0.006908s ]
INFO: [ view_parse ] --END-- [ RunTime:0.006965s ]
INFO: [ view_filter ] --START--
INFO: Run Behavior\WriteHtmlCacheBehavior [ RunTime:0.000567s ]
INFO: [ view_filter ] --END-- [ RunTime:0.000607s ]
INFO: [ app_end ] --START--
INFO: Run Behavior\ShowPageTraceBehavior [ RunTime:0.000654s ]
INFO: [ app_end ] --END-- [ RunTime:0.000687s ]

[ 2016-12-06T01:53:46+08:00 ] ::1 /onlineshop1.0/index.php/Home/Index/index.html
INFO: [ app_init ] --START--
INFO: Run Behavior\BuildLiteBehavior [ RunTime:0.000011s ]
INFO: [ app_init ] --END-- [ RunTime:0.000486s ]
INFO: [ app_begin ] --START--
INFO: Run Behavior\ReadHtmlCacheBehavior [ RunTime:0.000625s ]
INFO: [ app_begin ] --END-- [ RunTime:0.000666s ]
NOTIC: [8] Use of undefined constant register - assumed 'register' F:\xampp\htdocs\OnlineShop1.0\User\Home\Controller\IndexController.class.php 第 6 行.
INFO: [ view_parse ] --START--
INFO: [ template_filter ] --START--
INFO: Run Behavior\ContentReplaceBehavior [ RunTime:0.000037s ]
INFO: [ template_filter ] --END-- [ RunTime:0.000081s ]
INFO: Run Behavior\ParseTemplateBehavior [ RunTime:0.006645s ]
INFO: [ view_parse ] --END-- [ RunTime:0.006702s ]
INFO: [ view_filter ] --START--
INFO: Run Behavior\WriteHtmlCacheBehavior [ RunTime:0.000461s ]
INFO: [ view_filter ] --END-- [ RunTime:0.000492s ]
INFO: [ app_end ] --START--
INFO: Run Behavior\ShowPageTraceBehavior [ RunTime:0.000859s ]
INFO: [ app_end ] --END-- [ RunTime:0.000905s ]

